Determining if the pthread_create exist failed with the following output:
Change Dir: D:/Projetos/Unifaj/Sistemas Operacionais/sleepy_barber/cmake-build-debug-mingw/CMakeFiles/CMakeTmp

Run Build Command(s):C:/MinGW/bin/mingw32-make.exe cmTC_45ae1/fast 
C:/MinGW/bin/mingw32-make.exe -f CMakeFiles\cmTC_45ae1.dir\build.make CMakeFiles/cmTC_45ae1.dir/build
mingw32-make.exe[1]: Entering directory 'D:/Projetos/Unifaj/Sistemas Operacionais/sleepy_barber/cmake-build-debug-mingw/CMakeFiles/CMakeTmp'
Building C object CMakeFiles/cmTC_45ae1.dir/CheckSymbolExists.c.obj
C:\MinGW\bin\gcc.exe   -std=gnu99 -o CMakeFiles\cmTC_45ae1.dir\CheckSymbolExists.c.obj   -c "D:\Projetos\Unifaj\Sistemas Operacionais\sleepy_barber\cmake-build-debug-mingw\CMakeFiles\CMakeTmp\CheckSymbolExists.c"
Linking C executable cmTC_45ae1.exe
"C:\Program Files\JetBrains\CLion 2019.1.2\bin\cmake\win\bin\cmake.exe" -E cmake_link_script CMakeFiles\cmTC_45ae1.dir\link.txt --verbose=1
"C:\Program Files\JetBrains\CLion 2019.1.2\bin\cmake\win\bin\cmake.exe" -E remove -f CMakeFiles\cmTC_45ae1.dir/objects.a
C:\MinGW\bin\ar.exe cr CMakeFiles\cmTC_45ae1.dir/objects.a @CMakeFiles\cmTC_45ae1.dir\objects1.rsp
C:\MinGW\bin\gcc.exe      -Wl,--whole-archive CMakeFiles\cmTC_45ae1.dir/objects.a -Wl,--no-whole-archive  -o cmTC_45ae1.exe -Wl,--out-implib,libcmTC_45ae1.dll.a -Wl,--major-image-version,0,--minor-image-version,0 @CMakeFiles\cmTC_45ae1.dir\linklibs.rsp
c:/mingw/bin/../lib/gcc/mingw32/8.2.0/../../../../mingw32/bin/ld.exe: CMakeFiles\cmTC_45ae1.dir/objects.a(CheckSymbolExists.c.obj):CheckSymbolExists.c:(.text+0x12): undefined reference to `pthread_create'
collect2.exe: error: ld returned 1 exit status
CMakeFiles\cmTC_45ae1.dir\build.make:87: recipe for target 'cmTC_45ae1.exe' failed
mingw32-make.exe[1]: *** [cmTC_45ae1.exe] Error 1
mingw32-make.exe[1]: Leaving directory 'D:/Projetos/Unifaj/Sistemas Operacionais/sleepy_barber/cmake-build-debug-mingw/CMakeFiles/CMakeTmp'
Makefile:120: recipe for target 'cmTC_45ae1/fast' failed
mingw32-make.exe: *** [cmTC_45ae1/fast] Error 2

File D:/Projetos/Unifaj/Sistemas Operacionais/sleepy_barber/cmake-build-debug-mingw/CMakeFiles/CMakeTmp/CheckSymbolExists.c:
/* */
#include <pthread.h>

int main(int argc, char** argv)
{
  (void)argv;
#ifndef pthread_create
  return ((int*)(&pthread_create))[argc];
#else
  (void)argc;
  return 0;
#endif
}

